<?xml version="1.0" encoding="utf-8"?><testsuites name="pytest tests"><testsuite name="pytest" errors="0" failures="0" skipped="0" tests="109" time="35.274" timestamp="2026-08-28T00:50:36.072863-04:00" hostname="Mac.lan"><testcase classname="tests.service.test_cross_tenant_leak_matrix" name="test_registry_generated_cross_tenant_case[service.graph_versions:read]" time="0.162" /><testcase classname="tests.service.test_cross_tenant_leak_matrix" name="test_registry_generated_cross_tenant_case[service.graph_versions:update]" time="0.157" /><testcase classname="tests.service.test_cross_tenant_leak_matrix" name="test_registry_generated_cross_tenant_case[service.graph_versions:enumerate]" time="0.166" /><testcase classname="tests.service.test_studio_workspace_isolation" name="test_same_tenant_other_workspace_cannot_operate_on_workflows" time="0.217" /><testcase classname="tests.service.test_cross_tenant_leak_matrix" name="test_registry_generated_cross_tenant_case[service.deployment_versions:read]" time="0.154" /><testcase classname="tests.service.test_cross_tenant_leak_matrix" name="test_registry_generated_cross_tenant_case[service.deployment_versions:enumerate]" time="0.148" /><testcase classname="tests.service.test_cross_tenant_leak_matrix" name="test_registry_generated_cross_tenant_case[service.deployment_versions:create]" time="0.148" /><testcase classname="tests.security.test_api_surface_isolation" name="test_run_execute_api_foreign_matches_unknown_tenant" time="1.085" /><testcase classname="tests.security.test_api_surface_isolation" name="test_run_read_api_foreign_id_matches_unknown" time="0.524" /><testcase classname="tests.security.test_api_surface_isolation" name="test_execution_result_api_foreign_id_matches_unknown" time="0.638" /><testcase classname="tests.integrations.persistence.runs.test_run_repository" name="test_create_preserves_both_owners_when_tenants_share_a_run_id" time="0.168" /><testcase classname="tests.integrations.persistence.runs.test_run_repository" name="test_racing_tenants_can_create_the_same_run_id" time="0.157" /><testcase classname="tests.integrations.persistence.runs.test_run_repository" name="test_replayed_same_run_id_is_refused_without_mutating_owner" time="0.160" /><testcase classname="tests.integrations.persistence.runs.test_thread_repository" name="test_scoped_get_hides_foreign_thread_like_unknown" time="0.138" /><testcase classname="tests.integrations.persistence.runs.test_thread_repository" name="test_scoped_list_excludes_other_tenant_and_workspace" time="0.142" /><testcase classname="tests.integrations.persistence.runs.test_thread_repository" name="test_scoped_attach_hides_foreign_thread_like_unknown" time="0.149" /><testcase classname="tests.integrations.persistence.runs.test_thread_repository" name="test_scoped_attach_rejects_foreign_and_unknown_runs_identically" time="0.143" /><testcase classname="tests.integrations.persistence.runs.test_thread_repository" name="test_scoped_resolve_foreign_id_matches_unknown_create_semantics" time="0.156" /><testcase classname="tests.integrations.persistence.runs.test_thread_repository" name="test_same_external_thread_id_race_creates_one_thread_per_tenant" time="0.164" /><testcase classname="tests.integrations.persistence.runs.test_thread_repository" name="test_unscoped_thread_run_link_rejects_foreign_run_without_mutation[attach]" time="0.153" /><testcase classname="tests.integrations.persistence.runs.test_thread_repository" name="test_unscoped_thread_run_link_rejects_foreign_run_without_mutation[set-active]" time="0.191" /><testcase classname="tests.integrations.persistence.runs.test_thread_repository" name="test_unscoped_thread_run_link_rejects_foreign_run_without_mutation[run-repository-set-active]" time="0.440" /><testcase classname="tests.integrations.persistence.runs.test_thread_repository" name="test_valid_thread_run_link_survives_repository_restart" time="0.368" /><testcase classname="tests.integrations.persistence.runs.test_thread_repository" name="test_scoped_set_active_addresses_duplicate_logical_thread_ids" time="0.175" /><testcase classname="tests.service.test_run_api" name="test_explicit_foreign_tenant_thread_id_matches_unknown_scope_local_create" time="0.227" /><testcase classname="tests.storage.test_migration_thread_scope" name="test_thread_scope_migration_preserves_legacy_rows_and_allows_scoped_duplicates" time="0.122" /><testcase classname="tests.storage.test_migration_thread_scope" name="test_upgrade_canonicalizes_legacy_null_tenant_before_rebuild" time="0.124" /><testcase classname="tests.storage.test_migration_thread_scope" name="test_upgrade_preflight_failure_leaves_legacy_schema_retryable" time="0.129" /><testcase classname="tests.storage.test_migration_thread_scope" name="test_downgrade_duplicate_preflight_leaves_scoped_schema_and_data_retryable" time="0.127" /><testcase classname="tests.artifacts.test_tenant_scoped_store" name="test_artifact_write_same_key_is_scoped" time="0.006" /><testcase classname="tests.artifacts.test_tenant_scoped_store" name="test_artifact_read_foreign_matches_unknown" time="0.003" /><testcase classname="tests.artifacts.test_tenant_scoped_store" name="test_artifact_retrieve_foreign_matches_unknown" time="0.004" /><testcase classname="tests.artifacts.test_tenant_scoped_store" name="test_artifact_delete_foreign_matches_unknown" time="0.004" /><testcase classname="tests.artifacts.test_tenant_scoped_store" name="test_restart_keeps_filesystem_scope_and_missing_errors_logical" time="0.006" /><testcase classname="tests.service.test_tenant_isolation" name="test_foreign_tenant_artifact_retrieval_is_hidden_before_store_lookup" time="0.453" /><testcase classname="tests.security.test_surface_isolation" name="test_audit_enumerate_is_query_scoped_by_tenant_and_workspace" time="0.206" /><testcase classname="tests.security.test_surface_isolation" name="test_audit_retrieve_foreign_id_matches_unknown" time="0.182" /><testcase classname="tests.security.test_api_surface_isolation" name="test_audit_enumerate_api_foreign_matches_unknown" time="0.728" /><testcase classname="tests.security.test_api_surface_isolation" name="test_audit_retrieve_api_foreign_run_matches_unknown" time="0.524" /><testcase classname="tests.service.test_audit_api" name="test_run_audit_routes_forward_tenant_and_workspace_to_run_query" time="0.478" /><testcase classname="tests.security.test_surface_isolation" name="test_approval_enumerate_is_query_scoped_by_tenant_and_workspace" time="0.142" /><testcase classname="tests.security.test_surface_isolation" name="test_approval_retrieve_foreign_matches_unknown" time="0.139" /><testcase classname="tests.security.test_surface_isolation" name="test_approval_resolve_foreign_matches_unknown_before_mutation" time="0.328" /><testcase classname="tests.security.test_api_surface_isolation" name="test_approval_enumerate_api_foreign_matches_unknown" time="0.524" /><testcase classname="tests.security.test_api_surface_isolation" name="test_approval_retrieve_api_foreign_id_matches_unknown" time="0.486" /><testcase classname="tests.security.test_api_surface_isolation" name="test_approval_resolve_api_foreign_id_matches_unknown" time="1.006" /><testcase classname="tests.approvals.test_service" name="test_concurrent_opposite_approval_decisions_publish_exactly_one_winner" time="0.215" /><testcase classname="tests.approvals.test_service" name="test_concurrent_same_approval_decision_replays_one_stable_resolution" time="0.280" /><testcase classname="tests.service.test_approval_api" name="test_approval_api_duplicate_resolution_is_idempotent" time="1.698" /><testcase classname="tests.service.test_cross_tenant_leak_matrix" name="test_registry_generated_cross_tenant_case[service.memory_connector_configs:enumerate]" time="0.137" /><testcase classname="tests.service.test_cross_tenant_leak_matrix" name="test_registry_generated_cross_tenant_case[service.memory_connector_configs:update]" time="0.143" /><testcase classname="tests.service.test_cross_tenant_leak_matrix" name="test_registry_generated_cross_tenant_case[service.memory_connector_configs:delete]" time="0.138" /><testcase classname="tests.security.test_api_surface_isolation" name="test_connector_enumerate_api_foreign_matches_unknown_tenant" time="0.775" /><testcase classname="tests.security.test_api_surface_isolation" name="test_connector_write_api_foreign_matches_unknown_tenant" time="0.627" /><testcase classname="tests.security.test_api_surface_isolation" name="test_connector_delete_api_foreign_id_matches_unknown" time="0.478" /><testcase classname="tests.service.test_tenant_isolation" name="test_cross_tenant_permission_only_manifest_read_is_hidden_and_audited" time="0.744" /><testcase classname="tests.memory.test_tenant_scoped_connector" name="test_memory_write_same_key_collision_is_tenant_scoped" time="0.002" /><testcase classname="tests.memory.test_tenant_scoped_connector" name="test_memory_read_foreign_matches_unknown_tenant" time="0.001" /><testcase classname="tests.memory.test_tenant_scoped_connector" name="test_search_is_tenant_isolated[redis_thread-raw2]" time="0.002" /><testcase classname="tests.security.test_surface_isolation" name="test_cache_same_manifest_isolated_by_enforced_tenant_identity" time="0.086" /><testcase classname="tests.service.test_guardrails_api" name="test_run_api_token_bucket_key_isolates_same_subject_and_deployment_by_tenant" time="0.181" /><testcase classname="tests.service.test_guardrails_api" name="test_run_api_quota_key_isolates_same_subject_and_deployment_by_tenant" time="0.196" /><testcase classname="tests.service.test_guardrails_api" name="test_run_api_token_bucket_identity_resists_delimiter_collision" time="0.211" /><testcase classname="tests.service.test_guardrails_api" name="test_run_api_quota_identity_resists_delimiter_collision" time="0.229" /><testcase classname="tests.guardrails.test_rate_limit" name="test_guardrail_identity_is_canonical_opaque_and_null_unicode_safe" time="0.001" /><testcase classname="tests.guardrails.test_rate_limit" name="test_token_bucket_concurrent_consume_never_exceeds_capacity" time="0.296" /><testcase classname="tests.guardrails.test_rate_limit" name="test_quota_concurrent_increment_never_exceeds_limit" time="0.320" /><testcase classname="tests.security.test_persistence_isolation" name="test_checkpoint_guessing_is_hidden_by_owning_run_tenant" time="0.213" /><testcase classname="tests.agent_runtime.test_thread_store" name="test_thread_state_store_same_id_isolated_by_tenant_checkpoint_scope" time="0.277" /><testcase classname="tests.agent_runtime.test_thread_store" name="test_thread_state_checkpoint_owner_survives_shadow_id_and_restart" time="0.236" /><testcase classname="tests.security.test_persistence_isolation" name="test_sqlite_repository_reconstruction_preserves_scope_predicates" time="0.204" /><testcase classname="tests.security.test_persistence_isolation" name="test_execution_result_guessing_stays_hidden_after_restart" time="0.199" /><testcase classname="tests.security.test_persistence_isolation" name="test_sqlite_deployment_repository_reconstruction_preserves_scope" time="0.520" /><testcase classname="tests.security.test_persistence_isolation" name="test_worker_claims_only_its_tenant_pending_runs" time="0.245" /><testcase classname="tests.security.test_persistence_isolation" name="test_restarted_dispatch_worker_executes_only_its_deployment_tenant" time="0.272" /><testcase classname="tests.security.test_credentials" name="test_static_key_is_rejected_immediately_after_registry_snapshot_replacement" time="0.001" /><testcase classname="tests.security.test_credentials" name="test_signed_jwt_jti_and_fingerprint_identifiers_are_revocable_without_storing_token" time="0.083" /><testcase classname="tests.security.test_credentials" name="test_snapshot_replacement_waits_for_an_inflight_old_snapshot_decision" time="0.001" /><testcase classname="tests.security.test_credentials" name="test_whitespace_jti_uses_the_verified_token_fingerprint_for_revocation" time="0.078" /><testcase classname="tests.service.test_bearer_auth" name="test_runs_rejects_bearer_token_with_wrong_signature" time="0.785" /><testcase classname="tests.service.test_bearer_auth" name="test_unverified_platform_admin_claim_is_rejected" time="0.138" /><testcase classname="tests.security.test_observable_surfaces" name="test_credential_canary_absent_from_workload_environment" time="0.539" /><testcase classname="tests.security.test_observable_surfaces" name="test_credential_canary_absent_from_logs" time="0.702" /><testcase classname="tests.security.test_observable_surfaces" name="test_credential_canary_absent_from_errors" time="0.509" /><testcase classname="tests.security.test_observable_surfaces" name="test_credential_canary_absent_from_artifacts" time="0.729" /><testcase classname="tests.security.test_observable_surfaces" name="test_credential_canary_absent_from_audit_payloads" time="0.538" /><testcase classname="tests.security.test_observable_surfaces" name="test_credential_canary_absent_from_other_tenant" time="0.498" /><testcase classname="tests.execution_units.test_sandbox" name="test_sandbox_manager_rejects_parent_traversal_workdirs[../escape]" time="0.001" /><testcase classname="tests.execution_units.test_runner" name="test_runner_rejects_symlink_escape_workdir" time="0.001" /><testcase classname="tests.sandbox_sidecar.test_executor_argv" name="test_execute_argv_applies_shared_hardening_without_host_mounts" time="0.001" /><testcase classname="tests.execution_units.test_sandbox_hardening" name="test_strict_docker_denies_network_unless_explicitly_authorized[None-none]" time="0.001" /><testcase classname="tests.execution_units.test_sandbox_hardening" name="test_run_in_docker_applies_resource_constraint_flags" time="0.001" /><testcase classname="tests.security.test_hostile_workloads" name="test_sidecar_bounds_stdout_and_stderr_with_truncation_metadata" time="0.001" /><testcase classname="tests.security.test_hostile_workloads" name="test_sidecar_timeout_kills_and_waits_for_child" time="0.013" /><testcase classname="tests.security.test_hostile_workloads" name="test_sidecar_cancel_stops_active_child_persists_status_and_cleans_network" time="0.001" /><testcase classname="tests.security.test_hostile_workloads" name="test_duplicate_active_execution_id_is_rejected_before_side_effects" time="0.001" /><testcase classname="tests.security.distributed.test_postgres_tenant_isolation" name="test_security_rc_postgres_graph_scope_predicate" time="3.117" /><testcase classname="tests.security.distributed.test_postgres_tenant_isolation" name="test_security_rc_postgres_run_scope_predicate" time="0.044" /><testcase classname="tests.security.distributed.test_postgres_tenant_isolation" name="test_security_rc_postgres_audit_scope_predicate" time="0.045" /><testcase classname="tests.security.distributed.test_postgres_tenant_isolation" name="test_security_rc_postgres_same_id_tenant_race" time="0.045" /><testcase classname="tests.security.distributed.test_postgres_tenant_isolation" name="test_security_rc_postgres_pool_restart_preserves_scope" time="0.080" /><testcase classname="tests.security.distributed.test_postgres_tenant_isolation" name="test_security_rc_postgres_approval_opposite_decision_race" time="0.056" /><testcase classname="tests.security.distributed.test_postgres_tenant_isolation" name="test_security_rc_postgres_checkpoint_owner_scope" time="0.061" /><testcase classname="tests.security.distributed.test_postgres_tenant_isolation" name="test_security_rc_postgres_checkpoint_migration_backfills_owner" time="0.291" /><testcase classname="tests.security.distributed.test_redis_memory_isolation" name="test_security_rc_memory_same_key_isolated_after_client_reconnect[redis-kv]" time="0.014" /><testcase classname="tests.security.distributed.test_redis_memory_isolation" name="test_security_rc_memory_same_key_isolated_after_client_reconnect[redis-thread]" time="0.010" /><testcase classname="tests.security.distributed.test_redis_artifact_isolation" name="test_security_rc_redis_artifact_isolation_survives_reconnect" time="0.038" /><testcase classname="tests.security.test_absent_repository_ingress" name="test_complete_public_openapi_inventory_matches_reviewed_snapshot" time="0.792" /><testcase classname="tests.security.test_absent_repository_ingress" name="test_project_manifest_refuses_before_build_without_trusted_materializer" time="0.265" /></testsuite></testsuites>